{"C:\\Users\\Pedroca\\Desktop\\Trabalho_API_RestFull\\Trabalho01Api\\Controller\\JogoController.js": {"path":"C:\\Users\\Pedroca\\Desktop\\Trabalho_API_RestFull\\Trabalho01Api\\Controller\\JogoController.js","statementMap":{"0":{"start":{"line":1,"column":20},"end":{"line":1,"column":53}},"1":{"start":{"line":4,"column":4},"end":{"line":4,"column":35}},"2":{"start":{"line":8,"column":15},"end":{"line":8,"column":28}},"3":{"start":{"line":9,"column":4},"end":{"line":13,"column":5}},"4":{"start":{"line":10,"column":8},"end":{"line":10,"column":46}},"5":{"start":{"line":12,"column":8},"end":{"line":12,"column":37}},"6":{"start":{"line":17,"column":17},"end":{"line":17,"column":25}},"7":{"start":{"line":18,"column":4},"end":{"line":23,"column":5}},"8":{"start":{"line":19,"column":29},"end":{"line":19,"column":54}},"9":{"start":{"line":20,"column":8},"end":{"line":20,"column":42}},"10":{"start":{"line":22,"column":6},"end":{"line":22,"column":34}},"11":{"start":{"line":27,"column":15},"end":{"line":27,"column":28}},"12":{"start":{"line":28,"column":17},"end":{"line":28,"column":25}},"13":{"start":{"line":29,"column":4},"end":{"line":34,"column":5}},"14":{"start":{"line":30,"column":29},"end":{"line":30,"column":60}},"15":{"start":{"line":31,"column":6},"end":{"line":31,"column":42}},"16":{"start":{"line":33,"column":6},"end":{"line":33,"column":34}},"17":{"start":{"line":38,"column":15},"end":{"line":38,"column":28}},"18":{"start":{"line":39,"column":4},"end":{"line":44,"column":5}},"19":{"start":{"line":40,"column":27},"end":{"line":40,"column":50}},"20":{"start":{"line":41,"column":6},"end":{"line":41,"column":40}},"21":{"start":{"line":43,"column":6},"end":{"line":43,"column":31}},"22":{"start":{"line":48,"column":22},"end":{"line":48,"column":42}},"23":{"start":{"line":49,"column":4},"end":{"line":53,"column":5}},"24":{"start":{"line":50,"column":8},"end":{"line":50,"column":60}},"25":{"start":{"line":52,"column":8},"end":{"line":52,"column":37}},"26":{"start":{"line":59,"column":0},"end":{"line":66,"column":1}}},"fnMap":{"0":{"name":"listar","decl":{"start":{"line":3,"column":9},"end":{"line":3,"column":15}},"loc":{"start":{"line":3,"column":25},"end":{"line":5,"column":1}},"line":3},"1":{"name":"buscarPorId","decl":{"start":{"line":7,"column":9},"end":{"line":7,"column":20}},"loc":{"start":{"line":7,"column":30},"end":{"line":14,"column":1}},"line":7},"2":{"name":"inserir","decl":{"start":{"line":16,"column":9},"end":{"line":16,"column":16}},"loc":{"start":{"line":16,"column":26},"end":{"line":24,"column":1}},"line":16},"3":{"name":"atualizar","decl":{"start":{"line":26,"column":9},"end":{"line":26,"column":18}},"loc":{"start":{"line":26,"column":28},"end":{"line":35,"column":1}},"line":26},"4":{"name":"deletar","decl":{"start":{"line":37,"column":9},"end":{"line":37,"column":16}},"loc":{"start":{"line":37,"column":26},"end":{"line":45,"column":1}},"line":37},"5":{"name":"buscarPorCategoria","decl":{"start":{"line":47,"column":9},"end":{"line":47,"column":27}},"loc":{"start":{"line":47,"column":37},"end":{"line":54,"column":1}},"line":47}},"branchMap":{},"s":{"0":1,"1":0,"2":0,"3":0,"4":0,"5":0,"6":0,"7":0,"8":0,"9":0,"10":0,"11":0,"12":0,"13":0,"14":0,"15":0,"16":0,"17":0,"18":0,"19":0,"20":0,"21":0,"22":0,"23":0,"24":0,"25":0,"26":1},"f":{"0":0,"1":0,"2":0,"3":0,"4":0,"5":0},"b":{},"_coverageSchema":"1a1c01bbd47fc00a2c39e90264f33305004495a9","hash":"9c917cac2f8d1169a6b484ffd20faa59dfee22f9"}
,"C:\\Users\\Pedroca\\Desktop\\Trabalho_API_RestFull\\Trabalho01Api\\Repository\\JogoRepository.js": {"path":"C:\\Users\\Pedroca\\Desktop\\Trabalho_API_RestFull\\Trabalho01Api\\Repository\\JogoRepository.js","statementMap":{"0":{"start":{"line":1,"column":17},"end":{"line":1,"column":19}},"1":{"start":{"line":2,"column":16},"end":{"line":2,"column":17}},"2":{"start":{"line":5,"column":4},"end":{"line":5,"column":22}},"3":{"start":{"line":9,"column":4},"end":{"line":11,"column":5}},"4":{"start":{"line":10,"column":8},"end":{"line":10,"column":15}},"5":{"start":{"line":12,"column":4},"end":{"line":14,"column":5}},"6":{"start":{"line":13,"column":8},"end":{"line":13,"column":61}},"7":{"start":{"line":15,"column":4},"end":{"line":17,"column":5}},"8":{"start":{"line":16,"column":8},"end":{"line":16,"column":56}},"9":{"start":{"line":18,"column":4},"end":{"line":20,"column":5}},"10":{"start":{"line":19,"column":8},"end":{"line":19,"column":54}},"11":{"start":{"line":21,"column":4},"end":{"line":21,"column":26}},"12":{"start":{"line":22,"column":4},"end":{"line":22,"column":26}},"13":{"start":{"line":23,"column":4},"end":{"line":23,"column":16}},"14":{"start":{"line":27,"column":4},"end":{"line":31,"column":7}},"15":{"start":{"line":29,"column":12},"end":{"line":29,"column":35}},"16":{"start":{"line":35,"column":4},"end":{"line":37,"column":5}},"17":{"start":{"line":36,"column":8},"end":{"line":36,"column":15}},"18":{"start":{"line":38,"column":21},"end":{"line":42,"column":5}},"19":{"start":{"line":40,"column":12},"end":{"line":40,"column":35}},"20":{"start":{"line":44,"column":4},"end":{"line":44,"column":32}},"21":{"start":{"line":44,"column":25},"end":{"line":44,"column":32}},"22":{"start":{"line":45,"column":4},"end":{"line":45,"column":17}},"23":{"start":{"line":46,"column":4},"end":{"line":46,"column":34}},"24":{"start":{"line":47,"column":4},"end":{"line":47,"column":16}},"25":{"start":{"line":51,"column":21},"end":{"line":53,"column":6}},"26":{"start":{"line":52,"column":8},"end":{"line":52,"column":31}},"27":{"start":{"line":54,"column":4},"end":{"line":54,"column":32}},"28":{"start":{"line":54,"column":25},"end":{"line":54,"column":32}},"29":{"start":{"line":55,"column":4},"end":{"line":55,"column":49}},"30":{"start":{"line":59,"column":4},"end":{"line":59,"column":69}},"31":{"start":{"line":59,"column":40},"end":{"line":59,"column":67}},"32":{"start":{"line":65,"column":22},"end":{"line":65,"column":67}},"33":{"start":{"line":65,"column":49},"end":{"line":65,"column":66}},"34":{"start":{"line":66,"column":4},"end":{"line":67,"column":22}},"35":{"start":{"line":66,"column":18},"end":{"line":66,"column":29}},"36":{"start":{"line":67,"column":9},"end":{"line":67,"column":21}},"37":{"start":{"line":73,"column":0},"end":{"line":82,"column":1}}},"fnMap":{"0":{"name":"Listar","decl":{"start":{"line":4,"column":9},"end":{"line":4,"column":15}},"loc":{"start":{"line":4,"column":17},"end":{"line":6,"column":1}},"line":4},"1":{"name":"Inserir","decl":{"start":{"line":8,"column":9},"end":{"line":8,"column":16}},"loc":{"start":{"line":8,"column":22},"end":{"line":24,"column":1}},"line":8},"2":{"name":"BuscarPorId","decl":{"start":{"line":26,"column":9},"end":{"line":26,"column":20}},"loc":{"start":{"line":26,"column":24},"end":{"line":32,"column":1}},"line":26},"3":{"name":"(anonymous_3)","decl":{"start":{"line":28,"column":8},"end":{"line":28,"column":9}},"loc":{"start":{"line":28,"column":22},"end":{"line":30,"column":9}},"line":28},"4":{"name":"Atualizar","decl":{"start":{"line":34,"column":9},"end":{"line":34,"column":18}},"loc":{"start":{"line":34,"column":28},"end":{"line":48,"column":1}},"line":34},"5":{"name":"(anonymous_5)","decl":{"start":{"line":39,"column":8},"end":{"line":39,"column":9}},"loc":{"start":{"line":39,"column":22},"end":{"line":41,"column":9}},"line":39},"6":{"name":"Deletar","decl":{"start":{"line":50,"column":9},"end":{"line":50,"column":16}},"loc":{"start":{"line":50,"column":20},"end":{"line":56,"column":1}},"line":50},"7":{"name":"(anonymous_7)","decl":{"start":{"line":51,"column":42},"end":{"line":51,"column":43}},"loc":{"start":{"line":51,"column":57},"end":{"line":53,"column":5}},"line":51},"8":{"name":"PesquisarPorCategoria","decl":{"start":{"line":58,"column":9},"end":{"line":58,"column":30}},"loc":{"start":{"line":58,"column":42},"end":{"line":60,"column":1}},"line":58},"9":{"name":"(anonymous_9)","decl":{"start":{"line":59,"column":30},"end":{"line":59,"column":31}},"loc":{"start":{"line":59,"column":40},"end":{"line":59,"column":67}},"line":59},"10":{"name":"ValidaNome","decl":{"start":{"line":64,"column":9},"end":{"line":64,"column":19}},"loc":{"start":{"line":64,"column":25},"end":{"line":68,"column":1}},"line":64},"11":{"name":"(anonymous_11)","decl":{"start":{"line":65,"column":39},"end":{"line":65,"column":40}},"loc":{"start":{"line":65,"column":49},"end":{"line":65,"column":66}},"line":65}},"branchMap":{"0":{"loc":{"start":{"line":9,"column":4},"end":{"line":11,"column":5}},"type":"if","locations":[{"start":{"line":9,"column":4},"end":{"line":11,"column":5}},{"start":{},"end":{}}],"line":9},"1":{"loc":{"start":{"line":9,"column":7},"end":{"line":9,"column":80}},"type":"binary-expr","locations":[{"start":{"line":9,"column":7},"end":{"line":9,"column":12}},{"start":{"line":9,"column":16},"end":{"line":9,"column":26}},{"start":{"line":9,"column":30},"end":{"line":9,"column":45}},{"start":{"line":9,"column":49},"end":{"line":9,"column":60}},{"start":{"line":9,"column":64},"end":{"line":9,"column":80}}],"line":9},"2":{"loc":{"start":{"line":12,"column":4},"end":{"line":14,"column":5}},"type":"if","locations":[{"start":{"line":12,"column":4},"end":{"line":14,"column":5}},{"start":{},"end":{}}],"line":12},"3":{"loc":{"start":{"line":15,"column":4},"end":{"line":17,"column":5}},"type":"if","locations":[{"start":{"line":15,"column":4},"end":{"line":17,"column":5}},{"start":{},"end":{}}],"line":15},"4":{"loc":{"start":{"line":18,"column":4},"end":{"line":20,"column":5}},"type":"if","locations":[{"start":{"line":18,"column":4},"end":{"line":20,"column":5}},{"start":{},"end":{}}],"line":18},"5":{"loc":{"start":{"line":35,"column":4},"end":{"line":37,"column":5}},"type":"if","locations":[{"start":{"line":35,"column":4},"end":{"line":37,"column":5}},{"start":{},"end":{}}],"line":35},"6":{"loc":{"start":{"line":35,"column":7},"end":{"line":35,"column":80}},"type":"binary-expr","locations":[{"start":{"line":35,"column":7},"end":{"line":35,"column":12}},{"start":{"line":35,"column":16},"end":{"line":35,"column":26}},{"start":{"line":35,"column":30},"end":{"line":35,"column":45}},{"start":{"line":35,"column":49},"end":{"line":35,"column":60}},{"start":{"line":35,"column":64},"end":{"line":35,"column":80}}],"line":35},"7":{"loc":{"start":{"line":44,"column":4},"end":{"line":44,"column":32}},"type":"if","locations":[{"start":{"line":44,"column":4},"end":{"line":44,"column":32}},{"start":{},"end":{}}],"line":44},"8":{"loc":{"start":{"line":54,"column":4},"end":{"line":54,"column":32}},"type":"if","locations":[{"start":{"line":54,"column":4},"end":{"line":54,"column":32}},{"start":{},"end":{}}],"line":54},"9":{"loc":{"start":{"line":66,"column":4},"end":{"line":67,"column":22}},"type":"if","locations":[{"start":{"line":66,"column":4},"end":{"line":67,"column":22}},{"start":{"line":67,"column":8},"end":{"line":67,"column":22}}],"line":66}},"s":{"0":1,"1":1,"2":2,"3":11,"4":1,"5":10,"6":1,"7":9,"8":1,"9":8,"10":5,"11":3,"12":3,"13":3,"14":1,"15":2,"16":1,"17":0,"18":1,"19":3,"20":1,"21":1,"22":0,"23":0,"24":0,"25":1,"26":3,"27":1,"28":1,"29":0,"30":1,"31":3,"32":8,"33":14,"34":8,"35":5,"36":3,"37":1},"f":{"0":2,"1":11,"2":1,"3":2,"4":1,"5":3,"6":1,"7":3,"8":1,"9":3,"10":8,"11":14},"b":{"0":[1,10],"1":[11,11,11,11,10],"2":[1,9],"3":[1,8],"4":[5,3],"5":[0,1],"6":[1,1,1,1,1],"7":[1,0],"8":[1,0],"9":[5,3]},"_coverageSchema":"1a1c01bbd47fc00a2c39e90264f33305004495a9","hash":"cc29230d7fab7da92ed5f732a6604720156ab5bf"}
,"C:\\Users\\Pedroca\\Desktop\\Trabalho_API_RestFull\\Trabalho01Api\\Service\\JogoService.js": {"path":"C:\\Users\\Pedroca\\Desktop\\Trabalho_API_RestFull\\Trabalho01Api\\Service\\JogoService.js","statementMap":{"0":{"start":{"line":1,"column":23},"end":{"line":1,"column":62}},"1":{"start":{"line":5,"column":4},"end":{"line":5,"column":35}},"2":{"start":{"line":9,"column":4},"end":{"line":13,"column":5}},"3":{"start":{"line":10,"column":8},"end":{"line":10,"column":44}},"4":{"start":{"line":12,"column":8},"end":{"line":12,"column":56}},"5":{"start":{"line":17,"column":15},"end":{"line":17,"column":45}},"6":{"start":{"line":18,"column":4},"end":{"line":23,"column":5}},"7":{"start":{"line":19,"column":8},"end":{"line":19,"column":20}},"8":{"start":{"line":22,"column":8},"end":{"line":22,"column":54}},"9":{"start":{"line":27,"column":4},"end":{"line":38,"column":5}},"10":{"start":{"line":28,"column":31},"end":{"line":28,"column":65}},"11":{"start":{"line":29,"column":8},"end":{"line":34,"column":9}},"12":{"start":{"line":30,"column":12},"end":{"line":30,"column":34}},"13":{"start":{"line":33,"column":12},"end":{"line":33,"column":55}},"14":{"start":{"line":37,"column":8},"end":{"line":37,"column":55}},"15":{"start":{"line":43,"column":15},"end":{"line":43,"column":41}},"16":{"start":{"line":44,"column":4},"end":{"line":49,"column":5}},"17":{"start":{"line":45,"column":8},"end":{"line":45,"column":20}},"18":{"start":{"line":48,"column":8},"end":{"line":48,"column":54}},"19":{"start":{"line":53,"column":15},"end":{"line":53,"column":59}},"20":{"start":{"line":54,"column":4},"end":{"line":59,"column":5}},"21":{"start":{"line":55,"column":8},"end":{"line":55,"column":20}},"22":{"start":{"line":58,"column":8},"end":{"line":58,"column":54}},"23":{"start":{"line":64,"column":0},"end":{"line":71,"column":1}}},"fnMap":{"0":{"name":"Listar","decl":{"start":{"line":4,"column":9},"end":{"line":4,"column":15}},"loc":{"start":{"line":4,"column":17},"end":{"line":6,"column":1}},"line":4},"1":{"name":"Inserir","decl":{"start":{"line":8,"column":9},"end":{"line":8,"column":16}},"loc":{"start":{"line":8,"column":22},"end":{"line":14,"column":1}},"line":8},"2":{"name":"BuscarPorId","decl":{"start":{"line":16,"column":9},"end":{"line":16,"column":20}},"loc":{"start":{"line":16,"column":25},"end":{"line":24,"column":1}},"line":16},"3":{"name":"Atualizar","decl":{"start":{"line":26,"column":9},"end":{"line":26,"column":18}},"loc":{"start":{"line":26,"column":29},"end":{"line":39,"column":1}},"line":26},"4":{"name":"Deletar","decl":{"start":{"line":42,"column":9},"end":{"line":42,"column":16}},"loc":{"start":{"line":42,"column":21},"end":{"line":50,"column":1}},"line":42},"5":{"name":"BuscarPorCategoria","decl":{"start":{"line":52,"column":9},"end":{"line":52,"column":27}},"loc":{"start":{"line":52,"column":39},"end":{"line":60,"column":1}},"line":52}},"branchMap":{"0":{"loc":{"start":{"line":9,"column":4},"end":{"line":13,"column":5}},"type":"if","locations":[{"start":{"line":9,"column":4},"end":{"line":13,"column":5}},{"start":{"line":11,"column":9},"end":{"line":13,"column":5}}],"line":9},"1":{"loc":{"start":{"line":9,"column":7},"end":{"line":9,"column":56}},"type":"binary-expr","locations":[{"start":{"line":9,"column":7},"end":{"line":9,"column":11}},{"start":{"line":9,"column":15},"end":{"line":9,"column":24}},{"start":{"line":9,"column":28},"end":{"line":9,"column":42}},{"start":{"line":9,"column":46},"end":{"line":9,"column":56}}],"line":9},"2":{"loc":{"start":{"line":18,"column":4},"end":{"line":23,"column":5}},"type":"if","locations":[{"start":{"line":18,"column":4},"end":{"line":23,"column":5}},{"start":{"line":21,"column":9},"end":{"line":23,"column":5}}],"line":18},"3":{"loc":{"start":{"line":27,"column":4},"end":{"line":38,"column":5}},"type":"if","locations":[{"start":{"line":27,"column":4},"end":{"line":38,"column":5}},{"start":{"line":36,"column":9},"end":{"line":38,"column":5}}],"line":27},"4":{"loc":{"start":{"line":27,"column":7},"end":{"line":27,"column":75}},"type":"binary-expr","locations":[{"start":{"line":27,"column":7},"end":{"line":27,"column":11}},{"start":{"line":27,"column":15},"end":{"line":27,"column":24}},{"start":{"line":27,"column":28},"end":{"line":27,"column":42}},{"start":{"line":27,"column":46},"end":{"line":27,"column":56}},{"start":{"line":27,"column":60},"end":{"line":27,"column":75}}],"line":27},"5":{"loc":{"start":{"line":29,"column":8},"end":{"line":34,"column":9}},"type":"if","locations":[{"start":{"line":29,"column":8},"end":{"line":34,"column":9}},{"start":{"line":32,"column":13},"end":{"line":34,"column":9}}],"line":29},"6":{"loc":{"start":{"line":44,"column":4},"end":{"line":49,"column":5}},"type":"if","locations":[{"start":{"line":44,"column":4},"end":{"line":49,"column":5}},{"start":{"line":47,"column":9},"end":{"line":49,"column":5}}],"line":44},"7":{"loc":{"start":{"line":54,"column":4},"end":{"line":59,"column":5}},"type":"if","locations":[{"start":{"line":54,"column":4},"end":{"line":59,"column":5}},{"start":{"line":57,"column":9},"end":{"line":59,"column":5}}],"line":54}},"s":{"0":1,"1":0,"2":0,"3":0,"4":0,"5":0,"6":0,"7":0,"8":0,"9":0,"10":0,"11":0,"12":0,"13":0,"14":0,"15":0,"16":0,"17":0,"18":0,"19":0,"20":0,"21":0,"22":0,"23":1},"f":{"0":0,"1":0,"2":0,"3":0,"4":0,"5":0},"b":{"0":[0,0],"1":[0,0,0,0],"2":[0,0],"3":[0,0],"4":[0,0,0,0,0],"5":[0,0],"6":[0,0],"7":[0,0]},"_coverageSchema":"1a1c01bbd47fc00a2c39e90264f33305004495a9","hash":"0f9163a028fbdd42097ea3470485b2637a31beda"}
}
