TN:
SF:Controller\JogoController.js
FN:3,listar
FN:7,buscarPorId
FN:16,inserir
FN:26,atualizar
FN:37,deletar
FN:47,buscarPorCategoria
FNF:6
FNH:0
FNDA:0,listar
FNDA:0,buscarPorId
FNDA:0,inserir
FNDA:0,atualizar
FNDA:0,deletar
FNDA:0,buscarPorCategoria
DA:1,1
DA:4,0
DA:8,0
DA:9,0
DA:10,0
DA:12,0
DA:17,0
DA:18,0
DA:19,0
DA:20,0
DA:22,0
DA:27,0
DA:28,0
DA:29,0
DA:30,0
DA:31,0
DA:33,0
DA:38,0
DA:39,0
DA:40,0
DA:41,0
DA:43,0
DA:48,0
DA:49,0
DA:50,0
DA:52,0
DA:59,1
LF:27
LH:2
BRF:0
BRH:0
end_of_record
TN:
SF:Repository\JogoRepository.js
FN:4,Listar
FN:8,Inserir
FN:26,BuscarPorId
FN:28,(anonymous_3)
FN:34,Atualizar
FN:39,(anonymous_5)
FN:50,Deletar
FN:51,(anonymous_7)
FN:58,PesquisarPorCategoria
FN:59,(anonymous_9)
FN:64,ValidaNome
FN:65,(anonymous_11)
FNF:12
FNH:12
FNDA:2,Listar
FNDA:11,Inserir
FNDA:1,BuscarPorId
FNDA:2,(anonymous_3)
FNDA:1,Atualizar
FNDA:3,(anonymous_5)
FNDA:1,Deletar
FNDA:3,(anonymous_7)
FNDA:1,PesquisarPorCategoria
FNDA:3,(anonymous_9)
FNDA:8,ValidaNome
FNDA:14,(anonymous_11)
DA:1,1
DA:2,1
DA:5,2
DA:9,11
DA:10,1
DA:12,10
DA:13,1
DA:15,9
DA:16,1
DA:18,8
DA:19,5
DA:21,3
DA:22,3
DA:23,3
DA:27,1
DA:29,2
DA:35,1
DA:36,0
DA:38,1
DA:40,3
DA:44,1
DA:45,0
DA:46,0
DA:47,0
DA:51,1
DA:52,3
DA:54,1
DA:55,0
DA:59,3
DA:65,14
DA:66,8
DA:67,3
DA:73,1
LF:33
LH:28
BRDA:9,0,0,1
BRDA:9,0,1,10
BRDA:9,1,0,11
BRDA:9,1,1,11
BRDA:9,1,2,11
BRDA:9,1,3,11
BRDA:9,1,4,10
BRDA:12,2,0,1
BRDA:12,2,1,9
BRDA:15,3,0,1
BRDA:15,3,1,8
BRDA:18,4,0,5
BRDA:18,4,1,3
BRDA:35,5,0,0
BRDA:35,5,1,1
BRDA:35,6,0,1
BRDA:35,6,1,1
BRDA:35,6,2,1
BRDA:35,6,3,1
BRDA:35,6,4,1
BRDA:44,7,0,1
BRDA:44,7,1,0
BRDA:54,8,0,1
BRDA:54,8,1,0
BRDA:66,9,0,5
BRDA:66,9,1,3
BRF:26
BRH:23
end_of_record
TN:
SF:Service\JogoService.js
FN:4,Listar
FN:8,Inserir
FN:16,BuscarPorId
FN:26,Atualizar
FN:42,Deletar
FN:52,BuscarPorCategoria
FNF:6
FNH:0
FNDA:0,Listar
FNDA:0,Inserir
FNDA:0,BuscarPorId
FNDA:0,Atualizar
FNDA:0,Deletar
FNDA:0,BuscarPorCategoria
DA:1,1
DA:5,0
DA:9,0
DA:10,0
DA:12,0
DA:17,0
DA:18,0
DA:19,0
DA:22,0
DA:27,0
DA:28,0
DA:29,0
DA:30,0
DA:33,0
DA:37,0
DA:43,0
DA:44,0
DA:45,0
DA:48,0
DA:53,0
DA:54,0
DA:55,0
DA:58,0
DA:64,1
LF:24
LH:2
BRDA:9,0,0,0
BRDA:9,0,1,0
BRDA:9,1,0,0
BRDA:9,1,1,0
BRDA:9,1,2,0
BRDA:9,1,3,0
BRDA:18,2,0,0
BRDA:18,2,1,0
BRDA:27,3,0,0
BRDA:27,3,1,0
BRDA:27,4,0,0
BRDA:27,4,1,0
BRDA:27,4,2,0
BRDA:27,4,3,0
BRDA:27,4,4,0
BRDA:29,5,0,0
BRDA:29,5,1,0
BRDA:44,6,0,0
BRDA:44,6,1,0
BRDA:54,7,0,0
BRDA:54,7,1,0
BRF:21
BRH:0
end_of_record
